1612735518946	geckodriver	INFO	Listening on 127.0.0.1:55266
1612735521968	mozrunner::runner	INFO	Running command: "C:\\Program Files\\Mozilla Firefox\\firefox.exe" "--marionette" "-foreground" "-no-remote" "-profile" "C:\\Users\\adamt\\AppData\\Local\\Temp\\rust_mozprofile4kilJU"
console.warn: SearchSettings: "get: No settings file exists, new profile?" (new Error("", "(unknown module)"))
console.warn: SearchSettings: "get: No settings file exists, new profile?" (new Error("", "(unknown module)"))
1612735524623	Marionette	INFO	Listening on port 55277
1612735524688	Marionette	WARN	TLS certificate errors will be ignored for this session
1612735524703	Marionette	ERROR	[15] No reply from Marionette:Register
1612735535098	Marionette	INFO	Stopped listening on port 55277
1612735555452	geckodriver	INFO	Listening on 127.0.0.1:55359
1612735558502	mozrunner::runner	INFO	Running command: "C:\\Program Files\\Mozilla Firefox\\firefox.exe" "--marionette" "-foreground" "-no-remote" "-profile" "C:\\Users\\adamt\\AppData\\Local\\Temp\\rust_mozprofiletKqMDF"
console.warn: SearchSettings: "get: No settings file exists, new profile?" (new Error("", "(unknown module)"))
console.warn: SearchSettings: "get: No settings file exists, new profile?" (new Error("", "(unknown module)"))
1612735560992	Marionette	INFO	Listening on port 55368
1612735561164	Marionette	WARN	TLS certificate errors will be ignored for this session
1612735561174	Marionette	ERROR	[18] No reply from Marionette:Register
1612735579557	Marionette	INFO	Stopped listening on port 55368

###!!! [Child][RunMessage] Error: Channel closing: too late to send/recv, messages will be lost

1612735629223	geckodriver	INFO	Listening on 127.0.0.1:55450
1612735632254	mozrunner::runner	INFO	Running command: "C:\\Program Files\\Mozilla Firefox\\firefox.exe" "--marionette" "-foreground" "-no-remote" "-profile" "C:\\Users\\adamt\\AppData\\Local\\Temp\\rust_mozprofileJ4IWkx"
console.warn: SearchSettings: "get: No settings file exists, new profile?" (new Error("", "(unknown module)"))
console.warn: SearchSettings: "get: No settings file exists, new profile?" (new Error("", "(unknown module)"))
1612735634697	Marionette	INFO	Listening on port 55458
1612735634929	Marionette	WARN	TLS certificate errors will be ignored for this session
1612735634943	Marionette	ERROR	[15] No reply from Marionette:Register
1612735654426	Marionette	INFO	Stopped listening on port 55458

###!!! [Child][RunMessage] Error: Channel closing: too late to send/recv, messages will be lost

1612735685334	geckodriver	INFO	Listening on 127.0.0.1:55539
1612735688385	mozrunner::runner	INFO	Running command: "C:\\Program Files\\Mozilla Firefox\\firefox.exe" "--marionette" "-foreground" "-no-remote" "-profile" "C:\\Users\\adamt\\AppData\\Local\\Temp\\rust_mozprofileuPltSS"
console.warn: SearchSettings: "get: No settings file exists, new profile?" (new Error("", "(unknown module)"))
console.warn: SearchSettings: "get: No settings file exists, new profile?" (new Error("", "(unknown module)"))
1612735690817	Marionette	INFO	Listening on port 55547
1612735691077	Marionette	WARN	TLS certificate errors will be ignored for this session
1612735691090	Marionette	ERROR	[15] No reply from Marionette:Register
1612735711818	Marionette	INFO	Stopped listening on port 55547

###!!! [Child][RunMessage] Error: Channel closing: too late to send/recv, messages will be lost

1612735827543	geckodriver	INFO	Listening on 127.0.0.1:55661
1612735830601	mozrunner::runner	INFO	Running command: "C:\\Program Files\\Mozilla Firefox\\firefox.exe" "--marionette" "-foreground" "-no-remote" "-profile" "C:\\Users\\adamt\\AppData\\Local\\Temp\\rust_mozprofilexozQfa"
console.warn: SearchSettings: "get: No settings file exists, new profile?" (new Error("", "(unknown module)"))
console.warn: SearchSettings: "get: No settings file exists, new profile?" (new Error("", "(unknown module)"))
1612735833020	Marionette	INFO	Listening on port 55670
1612735833289	Marionette	WARN	TLS certificate errors will be ignored for this session
1612735833307	Marionette	ERROR	[15] No reply from Marionette:Register
1612736258477	Marionette	INFO	Stopped listening on port 55670

###!!! [Child][RunMessage] Error: Channel closing: too late to send/recv, messages will be lost

"--marionette" "-foreground" "-no-remote" "-profile" "C:\\Users\\adamt\\AppData\\Local\\Temp\\rust_mozprofileVodxlW"
console.warn: SearchSettings: "get: No settings file exists, new profile?" (new Error("", "(unknown module)"))
console.warn: SearchSettings: "get: No settings file exists, new profile?" (new Error("", "(unknown module)"))
1612735890816	Marionette	INFO	Listening on port 55762
1612735891029	Marionette	WARN	TLS certificate errors will be ignored for this session
1612735891042	Marionette	ERROR	[15] No reply from Marionette:Register
1612735909350	Marionette	INFO	Stopped listening on port 55762

###!!! [Child][RunMessage] Error: Channel closing: too late to send/recv, messages will be lost

1612736259659	geckodriver	INFO	Listening on 127.0.0.1:55895
1612736262707	mozrunner::runner	INFO	Running command: "C:\\Program Files\\Mozilla Firefox\\firefox.exe" "--marionette" "-foreground" "-no-remote" "-profile" "C:\\Users\\adamt\\AppData\\Local\\Temp\\rust_mozprofilex0xyRs"
console.warn: SearchSettings: "get: No settings file exists, new profile?" (new Error("", "(unknown module)"))
console.warn: SearchSettings: "get: No settings file exists, new profile?" (new Error("", "(unknown module)"))
1612736265259	Marionette	INFO	Listening on port 55904
1612736265393	Marionette	WARN	TLS certificate errors will be ignored for this session
1612736265408	Marionette	ERROR	[15] No reply from Marionette:Register
1612736282602	Marionette	INFO	Stopped listening on port 55904

###!!! [Child][RunMessage] Error: Channel closing: too late to send/recv, messages will be lost

1612736284833	geckodriver	INFO	Listening on 127.0.0.1:55985
1612736287879	mozrunner::runner	INFO	Running command: "C:\\Program Files\\Mozilla Firefox\\firefox.exe" "--marionette" "-foreground" "-no-remote" "-profile" "C:\\Users\\adamt\\AppData\\Local\\Temp\\rust_mozprofilevbe9RF"
console.warn: SearchSettings: "get: No settings file exists, new profile?" (new Error("", "(unknown module)"))
console.warn: SearchSettings: "get: No settings file exists, new profile?" (new Error("", "(unknown module)"))
1612736290293	Marionette	INFO	Listening on port 55995
1612736290561	Marionette	WARN	TLS certificate errors will be ignored for this session
1612736290573	Marionette	ERROR	[15] No reply from Marionette:Register
1612736300147	Marionette	INFO	Stopped listening on port 55995

###!!! [Child][RunMessage] Error: Channel closing: too late to send/recv, messages will be lost

1612736301825	geckodriver	INFO	Listening on 127.0.0.1:56070
1612736304870	mozrunner::runner	INFO	Running command: "C:\\Program Files\\Mozilla Firefox\\firefox.exe" "--marionette" "-foreground" "-no-remote" "-profile" "C:\\Users\\adamt\\AppData\\Local\\Temp\\rust_mozprofile9i54TN"
console.warn: SearchSettings: "get: No settings file exists, new profile?" (new Error("", "(unknown module)"))
console.warn: SearchSettings: "get: No settings file exists, new profile?" (new Error("", "(unknown module)"))
1612736307363	Marionette	INFO	Listening on port 56080
1612736307540	Marionette	WARN	TLS certificate errors will be ignored for this session
1612736307553	Marionette	ERROR	[18] No reply from Marionette:Register
1612736396921	Marionette	INFO	Stopped listening on port 56080

###!!! [Child][RunMessage] Error: Channel closing: too late to send/recv, messages will be lost

"--marionette" "-foreground" "-no-remote" "-profile" "C:\\Users\\adamt\\AppData\\Local\\Temp\\rust_mozprofileydBZtP"
console.warn: SearchSettings: "get: No settings file exists, new profile?" (new Error("", "(unknown module)"))
console.warn: SearchSettings: "get: No settings file exists, new profile?" (new Error("", "(unknown module)"))
1612736366358	Marionette	INFO	Listening on port 56172
1612736366435	Marionette	WARN	TLS certificate errors will be ignored for this session
1612736366452	Marionette	ERROR	[15] No reply from Marionette:Register
1612736394497	Marionette	INFO	Stopped listening on port 56172

###!!! [Child][RunMessage] Error: Channel closing: too late to send/recv, messages will be lost

1612736406454	geckodriver	INFO	Listening on 127.0.0.1:56252
1612736409495	mozrunner::runner	INFO	Running command: "C:\\Program Files\\Mozilla Firefox\\firefox.exe" "--marionette" "-foreground" "-no-remote" "-profile" "C:\\Users\\adamt\\AppData\\Local\\Temp\\rust_mozprofileSkttd5"
console.warn: SearchSettings: "get: No settings file exists, new profile?" (new Error("", "(unknown module)"))
console.warn: SearchSettings: "get: No settings file exists, new profile?" (new Error("", "(unknown module)"))
1612736411948	Marionette	INFO	Listening on port 56260
1612736412170	Marionette	WARN	TLS certificate errors will be ignored for this session
1612736412182	Marionette	ERROR	[15] No reply from Marionette:Register
1612736425312	Marionette	INFO	Stopped listening on port 56260

###!!! [Child][RunMessage] Error: Channel closing: too late to send/recv, messages will be lost

1612736481020	geckodriver	INFO	Listening on 127.0.0.1:56352
1612736484071	mozrunner::runner	INFO	Running command: "C:\\Program Files\\Mozilla Firefox\\firefox.exe" "--marionette" "-foreground" "-no-remote" "-profile" "C:\\Users\\adamt\\AppData\\Local\\Temp\\rust_mozprofileLuZfTc"
console.warn: SearchSettings: "get: No settings file exists, new profile?" (new Error("", "(unknown module)"))
console.warn: SearchSettings: "get: No settings file exists, new profile?" (new Error("", "(unknown module)"))
1612736486487	Marionette	INFO	Listening on port 56360
1612736486754	Marionette	WARN	TLS certificate errors will be ignored for this session
1612736486764	Marionette	ERROR	[18] No reply from Marionette:Register
1612736534517	Marionette	INFO	Stopped listening on port 56360

###!!! [Child][RunMessage] Error: Channel closing: too late to send/recv, messages will be lost

"--marionette" "-foreground" "-no-remote" "-profile" "C:\\Users\\adamt\\AppData\\Local\\Temp\\rust_mozprofilehJpqN0"
console.warn: SearchSettings: "get: No settings file exists, new profile?" (new Error("", "(unknown module)"))
console.warn: SearchSettings: "get: No settings file exists, new profile?" (new Error("", "(unknown module)"))
1612736520970	Marionette	INFO	Listening on port 56444
1612736521142	Marionette	WARN	TLS certificate errors will be ignored for this session
1612736521155	Marionette	ERROR	[15] No reply from Marionette:Register
Marionette threw an error: TypeError: browsingContextFn().currentWindowGlobal is null
getMarionetteCommandsActorProxy/get/<@chrome://marionette/content/actors/MarionetteCommandsParent.jsm:332:29

1612736529945	Marionette	INFO	Stopped listening on port 56444

###!!! [Child][RunMessage] Error: Channel closing: too late to send/recv, messages will be lost

1612736536321	geckodriver	INFO	Listening on 127.0.0.1:56519
1612736539365	mozrunner::runner	INFO	Running command: "C:\\Program Files\\Mozilla Firefox\\firefox.exe" "--marionette" "-foreground" "-no-remote" "-profile" "C:\\Users\\adamt\\AppData\\Local\\Temp\\rust_mozprofilepv1Ed8"
console.warn: SearchSettings: "get: No settings file exists, new profile?" (new Error("", "(unknown module)"))
console.warn: SearchSettings: "get: No settings file exists, new profile?" (new Error("", "(unknown module)"))
1612736541767	Marionette	INFO	Listening on port 56528
1612736542058	Marionette	WARN	TLS certificate errors will be ignored for this session
1612736542074	Marionette	ERROR	[18] No reply from Marionette:Register
1612736558979	Marionette	INFO	Stopped listening on port 56528

###!!! [Child][RunMessage] Error: Channel closing: too late to send/recv, messages will be lost

1612736561231	geckodriver	INFO	Listening on 127.0.0.1:56602
1612736564283	mozrunner::runner	INFO	Running command: "C:\\Program Files\\Mozilla Firefox\\firefox.exe" "--marionette" "-foreground" "-no-remote" "-profile" "C:\\Users\\adamt\\AppData\\Local\\Temp\\rust_mozprofiled7CIkB"
console.warn: SearchSettings: "get: No settings file exists, new profile?" (new Error("", "(unknown module)"))
console.warn: SearchSettings: "get: No settings file exists, new profile?" (new Error("", "(unknown module)"))
1612736566627	Marionette	INFO	Listening on port 56611
1612736566942	Marionette	WARN	TLS certificate errors will be ignored for this session
1612736566954	Marionette	ERROR	[15] No reply from Marionette:Register
1612736964286	Marionette	INFO	Stopped listening on port 56611

###!!! [Child][RunMessage] Error: Channel closing: too late to send/recv, messages will be lost

"--marionette" "-foreground" "-no-remote" "-profile" "C:\\Users\\adamt\\AppData\\Local\\Temp\\rust_mozprofilee2r3kf"
console.warn: SearchSettings: "get: No settings file exists, new profile?" (new Error("", "(unknown module)"))
console.warn: SearchSettings: "get: No settings file exists, new profile?" (new Error("", "(unknown module)"))
1612736777315	Marionette	INFO	Listening on port 56708
1612736777555	Marionette	WARN	TLS certificate errors will be ignored for this session
1612736777566	Marionette	ERROR	[15] No reply from Marionette:Register
1612736962978	Marionette	INFO	Stopped listening on port 56708

###!!! [Child][RunMessage] Error: Channel closing: too late to send/recv, messages will be lost

"--marionette" "-foreground" "-no-remote" "-profile" "C:\\Users\\adamt\\AppData\\Local\\Temp\\rust_mozprofile2ODBAl"
console.warn: SearchSettings: "get: No settings file exists, new profile?" (new Error("", "(unknown module)"))
console.warn: SearchSettings: "get: No settings file exists, new profile?" (new Error("", "(unknown module)"))
1612736839515	Marionette	INFO	Listening on port 56793
1612736839621	Marionette	WARN	TLS certificate errors will be ignored for this session
1612736839632	Marionette	ERROR	[15] No reply from Marionette:Register
1612736961850	Marionette	INFO	Stopped listening on port 56793

###!!! [Child][RunMessage] Error: Channel closing: too late to send/recv, messages will be lost

"--marionette" "-foreground" "-no-remote" "-profile" "C:\\Users\\adamt\\AppData\\Local\\Temp\\rust_mozprofiledXAo1g"
console.warn: SearchSettings: "get: No settings file exists, new profile?" (new Error("", "(unknown module)"))
console.warn: SearchSettings: "get: No settings file exists, new profile?" (new Error("", "(unknown module)"))
1612736866927	Marionette	INFO	Listening on port 56871
1612736867002	Marionette	WARN	TLS certificate errors will be ignored for this session
1612736867016	Marionette	ERROR	[18] No reply from Marionette:Register
console.warn: LoginRecipes: "getRecipes: falling back to a synchronous message for:" "https://adfs.wallawalla.edu"
1612736960806	Marionette	INFO	Stopped listening on port 56871

###!!! [Child][RunMessage] Error: Channel closing: too late to send/recv, messages will be lost

1612737024115	geckodriver	INFO	Listening on 127.0.0.1:56990
1612737027165	mozrunner::runner	INFO	Running command: "C:\\Program Files\\Mozilla Firefox\\firefox.exe" "--marionette" "-foreground" "-no-remote" "-profile" "C:\\Users\\adamt\\AppData\\Local\\Temp\\rust_mozprofileW6YNbu"
console.warn: SearchSettings: "get: No settings file exists, new profile?" (new Error("", "(unknown module)"))
console.warn: SearchSettings: "get: No settings file exists, new profile?" (new Error("", "(unknown module)"))
1612737029812	Marionette	INFO	Listening on port 56999
1612737029845	Marionette	WARN	TLS certificate errors will be ignored for this session
1612737029858	Marionette	ERROR	[15] No reply from Marionette:Register
1612737360241	Marionette	INFO	Stopped listening on port 56999

###!!! [Child][RunMessage] Error: Channel closing: too late to send/recv, messages will be lost

"--marionette" "-foreground" "-no-remote" "-profile" "C:\\Users\\adamt\\AppData\\Local\\Temp\\rust_mozprofilezGNPs8"
console.warn: SearchSettings: "get: No settings file exists, new profile?" (new Error("", "(unknown module)"))
console.warn: SearchSettings: "get: No settings file exists, new profile?" (new Error("", "(unknown module)"))
1612737047001	Marionette	INFO	Listening on port 57077
1612737047202	Marionette	WARN	TLS certificate errors will be ignored for this session
1612737047214	Marionette	ERROR	[15] No reply from Marionette:Register
console.warn: LoginRecipes: "getRecipes: falling back to a synchronous message for:" "https://adfs.wallawalla.edu"
1612738929527	Marionette	INFO	Stopped listening on port 57077

###!!! [Child][RunMessage] Error: Channel closing: too late to send/recv, messages will be lost


console.warn: SearchSettings: "get: No settings file exists, new profile?" (new Error("", "(unknown module)"))
console.warn: SearchSettings: "get: No settings file exists, new profile?" (new Error("", "(unknown module)"))
1612737097843	Marionette	INFO	Listening on port 57162
1612737098053	Marionette	WARN	TLS certificate errors will be ignored for this session
1612737098066	Marionette	ERROR	[15] No reply from Marionette:Register
1612737111444	Marionette	INFO	Stopped listening on port 57162

###!!! [Child][RunMessage] Error: Channel closing: too late to send/recv, messages will be lost

1612737131533	geckodriver	INFO	Listening on 127.0.0.1:57253
1612737134584	mozrunner::runner	INFO	Running command: "C:\\Program Files\\Mozilla Firefox\\firefox.exe" "--marionette" "-foreground" "-no-remote" "-profile" "C:\\Users\\adamt\\AppData\\Local\\Temp\\rust_mozprofileoaa79j"
console.warn: SearchSettings: "get: No settings file exists, new profile?" (new Error("", "(unknown module)"))
console.warn: SearchSettings: "get: No settings file exists, new profile?" (new Error("", "(unknown module)"))
1612737137136	Marionette	INFO	Listening on port 57262
1612737137271	Marionette	WARN	TLS certificate errors will be ignored for this session
1612737137281	Marionette	ERROR	[18] No reply from Marionette:Register
1612737151692	Marionette	INFO	Stopped listening on port 57262

###!!! [Child][RunMessage] Error: Channel closing: too late to send/recv, messages will be lost

1612737223117	geckodriver	INFO	Listening on 127.0.0.1:57349
1612737226162	mozrunner::runner	INFO	Running command: "C:\\Program Files\\Mozilla Firefox\\firefox.exe" "--marionette" "-foreground" "-no-remote" "-profile" "C:\\Users\\adamt\\AppData\\Local\\Temp\\rust_mozprofileRV0E7K"
console.warn: SearchSettings: "get: No settings file exists, new profile?" (new Error("", "(unknown module)"))
console.warn: SearchSettings: "get: No settings file exists, new profile?" (new Error("", "(unknown module)"))
1612737228593	Marionette	INFO	Listening on port 57359
1612737228861	Marionette	WARN	TLS certificate errors will be ignored for this session
1612737228873	Marionette	ERROR	[15] No reply from Marionette:Register
1612737357588	Marionette	INFO	Stopped listening on port 57359

###!!! [Child][RunMessage] Error: Channel closing: too late to send/recv, messages will be lost

"--marionette" "-foreground" "-no-remote" "-profile" "C:\\Users\\adamt\\AppData\\Local\\Temp\\rust_mozprofilepHj8M1"
console.warn: SearchSettings: "get: No settings file exists, new profile?" (new Error("", "(unknown module)"))
console.warn: SearchSettings: "get: No settings file exists, new profile?" (new Error("", "(unknown module)"))
1612737263691	Marionette	INFO	Listening on port 57447
1612737264174	Marionette	WARN	TLS certificate errors will be ignored for this session
1612737264187	Marionette	ERROR	[18] No reply from Marionette:Register
1612738894846	Marionette	INFO	Stopped listening on port 57447

###!!! [Child][RunMessage] Error: Channel closing: too late to send/recv, messages will be lost

"--marionette" "-foreground" "-no-remote" "-profile" "C:\\Users\\adamt\\AppData\\Local\\Temp\\rust_mozprofile72P1qA"
console.warn: SearchSettings: "get: No settings file exists, new profile?" (new Error("", "(unknown module)"))
console.warn: SearchSettings: "get: No settings file exists, new profile?" (new Error("", "(unknown module)"))
1612737283571	Marionette	INFO	Listening on port 57525
1612737283633	Marionette	WARN	TLS certificate errors will be ignored for this session
1612737283646	Marionette	ERROR	[15] No reply from Marionette:Register
JavaScript error: resource://gre/actors/AutoCompleteChild.jsm, line 125: Error: Invalid autocomplete selectedIndex
JavaScript error: resource://gre/actors/AutoCompleteChild.jsm, line 125: Error: Invalid autocomplete selectedIndex
JavaScript error: resource://gre/modules/LoginManagerChild.jsm, line 190: NS_ERROR_XPC_JAVASCRIPT_ERROR_WITH_DETAILS: [JavaScript Error: "Invalid autocomplete selectedIndex" {file: "resource://gre/actors/AutoCompleteChild.jsm" line: 125}]'[JavaScript Error: "Invalid autocomplete selectedIndex" {file: "resource://gre/actors/AutoCompleteChild.jsm" line: 125}]' when calling method: [nsIAutoCompletePopup::selectedIndex]
1612738898394	Marionette	INFO	Stopped listening on port 57525

###!!! [Child][RunMessage] Error: Channel closing: too late to send/recv, messages will be lost

"--marionette" "-foreground" "-no-remote" "-profile" "C:\\Users\\adamt\\AppData\\Local\\Temp\\rust_mozprofilex83VoP"
console.warn: SearchSettings: "get: No settings file exists, new profile?" (new Error("", "(unknown module)"))
console.warn: SearchSettings: "get: No settings file exists, new profile?" (new Error("", "(unknown module)"))
1612737376263	Marionette	INFO	Listening on port 57644
1612737376734	Marionette	WARN	TLS certificate errors will be ignored for this session
1612737376745	Marionette	ERROR	[15] No reply from Marionette:Register
1612738907604	Marionette	INFO	Stopped listening on port 57644

###!!! [Child][RunMessage] Error: Channel closing: too late to send/recv, messages will be lost

"--marionette" "-foreground" "-no-remote" "-profile" "C:\\Users\\adamt\\AppData\\Local\\Temp\\rust_mozprofiletGNTel"
console.warn: SearchSettings: "get: No settings file exists, new profile?" (new Error("", "(unknown module)"))
console.warn: SearchSettings: "get: No settings file exists, new profile?" (new Error("", "(unknown module)"))
1612737391969	Marionette	INFO	Listening on port 57720
1612737392470	Marionette	WARN	TLS certificate errors will be ignored for this session
1612737392483	Marionette	ERROR	[18] No reply from Marionette:Register
1612738906498	Marionette	INFO	Stopped listening on port 57720

###!!! [Child][RunMessage] Error: Channel closing: too late to send/recv, messages will be lost

"--marionette" "-foreground" "-no-remote" "-profile" "C:\\Users\\adamt\\AppData\\Local\\Temp\\rust_mozprofileIgkSTl"
console.warn: SearchSettings: "get: No settings file exists, new profile?" (new Error("", "(unknown module)"))
console.warn: SearchSettings: "get: No settings file exists, new profile?" (new Error("", "(unknown module)"))
1612737411500	Marionette	INFO	Listening on port 57796
1612737412013	Marionette	WARN	TLS certificate errors will be ignored for this session
1612737412024	Marionette	ERROR	[18] No reply from Marionette:Register
JavaScript error: resource://gre/actors/AutoCompleteChild.jsm, line 125: Error: Invalid autocomplete selectedIndex
JavaScript error: resource://gre/actors/AutoCompleteChild.jsm, line 125: Error: Invalid autocomplete selectedIndex
JavaScript error: resource://gre/modules/LoginManagerChild.jsm, line 190: NS_ERROR_XPC_JAVASCRIPT_ERROR_WITH_DETAILS: [JavaScript Error: "Invalid autocomplete selectedIndex" {file: "resource://gre/actors/AutoCompleteChild.jsm" line: 125}]'[JavaScript Error: "Invalid autocomplete selectedIndex" {file: "resource://gre/actors/AutoCompleteChild.jsm" line: 125}]' when calling method: [nsIAutoCompletePopup::selectedIndex]
1612738905265	Marionette	INFO	Stopped listening on port 57796

###!!! [Child][RunMessage] Error: Channel closing: too late to send/recv, messages will be lost

"--marionette" "-foreground" "-no-remote" "-profile" "C:\\Users\\adamt\\AppData\\Local\\Temp\\rust_mozprofilePXlYIb"
console.warn: SearchSettings: "get: No settings file exists, new profile?" (new Error("", "(unknown module)"))
console.warn: SearchSettings: "get: No settings file exists, new profile?" (new Error("", "(unknown module)"))
1612737454768	Marionette	INFO	Listening on port 57904
1612737455002	Marionette	WARN	TLS certificate errors will be ignored for this session
1612737455016	Marionette	ERROR	[18] No reply from Marionette:Register
1612738904065	Marionette	INFO	Stopped listening on port 57904

###!!! [Child][RunMessage] Error: Channel closing: too late to send/recv, messages will be lost

"--marionette" "-foreground" "-no-remote" "-profile" "C:\\Users\\adamt\\AppData\\Local\\Temp\\rust_mozprofilexPwzYR"
console.warn: SearchSettings: "get: No settings file exists, new profile?" (new Error("", "(unknown module)"))
console.warn: SearchSettings: "get: No settings file exists, new profile?" (new Error("", "(unknown module)"))
1612737470539	Marionette	INFO	Listening on port 57985
1612737470784	Marionette	WARN	TLS certificate errors will be ignored for this session
1612737470798	Marionette	ERROR	[15] No reply from Marionette:Register
JavaScript error: resource://gre/actors/AutoCompleteChild.jsm, line 125: Error: Invalid autocomplete selectedIndex
JavaScript error: resource://gre/actors/AutoCompleteChild.jsm, line 125: Error: Invalid autocomplete selectedIndex
JavaScript error: resource://gre/modules/LoginManagerChild.jsm, line 190: NS_ERROR_XPC_JAVASCRIPT_ERROR_WITH_DETAILS: [JavaScript Error: "Invalid autocomplete selectedIndex" {file: "resource://gre/actors/AutoCompleteChild.jsm" line: 125}]'[JavaScript Error: "Invalid autocomplete selectedIndex" {file: "resource://gre/actors/AutoCompleteChild.jsm" line: 125}]' when calling method: [nsIAutoCompletePopup::selectedIndex]
1612738902643	Marionette	INFO	Stopped listening on port 57985

###!!! [Child][RunMessage] Error: Channel closing: too late to send/recv, messages will be lost

"--marionette" "-foreground" "-no-remote" "-profile" "C:\\Users\\adamt\\AppData\\Local\\Temp\\rust_mozprofile3TgFsH"
console.warn: SearchSettings: "get: No settings file exists, new profile?" (new Error("", "(unknown module)"))
console.warn: SearchSettings: "get: No settings file exists, new profile?" (new Error("", "(unknown module)"))
1612737607140	Marionette	INFO	Listening on port 58112
1612737607289	Marionette	WARN	TLS certificate errors will be ignored for this session
1612737607303	Marionette	ERROR	[15] No reply from Marionette:Register
1612738890404	Marionette	INFO	Stopped listening on port 58112

###!!! [Child][RunMessage] Error: Channel closing: too late to send/recv, messages will be lost

"--marionette" "-foreground" "-no-remote" "-profile" "C:\\Users\\adamt\\AppData\\Local\\Temp\\rust_mozprofileKuU5sj"
console.warn: SearchSettings: "get: No settings file exists, new profile?" (new Error("", "(unknown module)"))
console.warn: SearchSettings: "get: No settings file exists, new profile?" (new Error("", "(unknown module)"))
1612737623537	Marionette	INFO	Listening on port 58193
1612737623717	Marionette	WARN	TLS certificate errors will be ignored for this session
1612737623731	Marionette	ERROR	[15] No reply from Marionette:Register
JavaScript error: resource://gre/actors/AutoCompleteChild.jsm, line 125: Error: Invalid autocomplete selectedIndex
JavaScript error: resource://gre/actors/AutoCompleteChild.jsm, line 125: Error: Invalid autocomplete selectedIndex
JavaScript error: resource://gre/modules/LoginManagerChild.jsm, line 190: NS_ERROR_XPC_JAVASCRIPT_ERROR_WITH_DETAILS: [JavaScript Error: "Invalid autocomplete selectedIndex" {file: "resource://gre/actors/AutoCompleteChild.jsm" line: 125}]'[JavaScript Error: "Invalid autocomplete selectedIndex" {file: "resource://gre/actors/AutoCompleteChild.jsm" line: 125}]' when calling method: [nsIAutoCompletePopup::selectedIndex]
1612738889227	Marionette	INFO	Stopped listening on port 58193

###!!! [Child][RunMessage] Error: Channel closing: too late to send/recv, messages will be lost

"--marionette" "-foreground" "-no-remote" "-profile" "C:\\Users\\adamt\\AppData\\Local\\Temp\\rust_mozprofile7Atjuh"
console.warn: SearchSettings: "get: No settings file exists, new profile?" (new Error("", "(unknown module)"))
console.warn: SearchSettings: "get: No settings file exists, new profile?" (new Error("", "(unknown module)"))
1612737663790	Marionette	INFO	Listening on port 58298
1612737663892	Marionette	WARN	TLS certificate errors will be ignored for this session
1612737663905	Marionette	ERROR	[15] No reply from Marionette:Register
JavaScript error: resource://gre/actors/AutoCompleteChild.jsm, line 125: Error: Invalid autocomplete selectedIndex
JavaScript error: resource://gre/actors/AutoCompleteChild.jsm, line 125: Error: Invalid autocomplete selectedIndex
JavaScript error: resource://gre/modules/LoginManagerChild.jsm, line 190: NS_ERROR_XPC_JAVASCRIPT_ERROR_WITH_DETAILS: [JavaScript Error: "Invalid autocomplete selectedIndex" {file: "resource://gre/actors/AutoCompleteChild.jsm" line: 125}]'[JavaScript Error: "Invalid autocomplete selectedIndex" {file: "resource://gre/actors/AutoCompleteChild.jsm" line: 125}]' when calling method: [nsIAutoCompletePopup::selectedIndex]
console.warn: LoginRecipes: "getRecipes: falling back to a synchronous message for:" "https://aswwu.com"
console.warn: LoginRecipes: "getRecipes: falling back to a synchronous message for:" "https://aswwu.com"
1612738887621	Marionette	INFO	Stopped listening on port 58298

###!!! [Child][RunMessage] Error: Channel closing: too late to send/recv, messages will be lost

"--marionette" "-foreground" "-no-remote" "-profile" "C:\\Users\\adamt\\AppData\\Local\\Temp\\rust_mozprofiletsb59S"
console.warn: SearchSettings: "get: No settings file exists, new profile?" (new Error("", "(unknown module)"))
console.warn: SearchSettings: "get: No settings file exists, new profile?" (new Error("", "(unknown module)"))
1612737866590	Marionette	INFO	Listening on port 58456
1612737867007	Marionette	WARN	TLS certificate errors will be ignored for this session
1612737867025	Marionette	ERROR	[15] No reply from Marionette:Register
1612738886244	Marionette	INFO	Stopped listening on port 58456

###!!! [Child][RunMessage] Error: Channel closing: too late to send/recv, messages will be lost

"--marionette" "-foreground" "-no-remote" "-profile" "C:\\Users\\adamt\\AppData\\Local\\Temp\\rust_mozprofileXv0fSW"
console.warn: SearchSettings: "get: No settings file exists, new profile?" (new Error("", "(unknown module)"))
console.warn: SearchSettings: "get: No settings file exists, new profile?" (new Error("", "(unknown module)"))
1612737892564	Marionette	INFO	Listening on port 58538
1612737893091	Marionette	WARN	TLS certificate errors will be ignored for this session
1612737893104	Marionette	ERROR	[15] No reply from Marionette:Register
1612738884872	Marionette	INFO	Stopped listening on port 58538
2737907227	mozrunner::runner	INFO	Running command: "C:\\Program Files\\Mozilla Firefox\\firefox.exe" "--marionette" "-foreground" "-no-remote" "-profile" "C:\\Users\\adamt\\AppData\\Local\\Temp\\rust_mozprofile1AhYne"
console.warn: SearchSettings: "get: No settings file exists, new profile?" (new Error("", "(unknown module)"))
console.warn: SearchSettings: "get: No settings file exists, new profile?" (new Error("", "(unknown module)"))
1612737910699	Marionette	INFO	Listening on port 58617
1612737910922	Marionette	WARN	TLS certificate errors will be ignored for this session
1612737910935	Marionette	ERROR	[18] No reply from Marionette:Register
JavaScript error: resource://gre/actors/AutoCompleteChild.jsm, line 125: Error: Invalid autocomplete selectedIndex
JavaScript error: resource://gre/actors/AutoCompleteChild.jsm, line 125: Error: Invalid autocomplete selectedIndex
JavaScript error: resource://gre/modules/LoginManagerChild.jsm, line 190: NS_ERROR_XPC_JAVASCRIPT_ERROR_WITH_DETAILS: [JavaScript Error: "Invalid autocomplete selectedIndex" {file: "resource://gre/actors/AutoCompleteChild.jsm" line: 125}]'[JavaScript Error: "Invalid autocomplete selectedIndex" {file: "resource://gre/actors/AutoCompleteChild.jsm" line: 125}]' when calling method: [nsIAutoCompletePopup::selectedIndex]
console.warn: LoginRecipes: "getRecipes: falling back to a synchronous message for:" "https://aswwu.com"
console.warn: LoginRecipes: "getRecipes: falling back to a synchronous message for:" "https://aswwu.com"
1612738883631	Marionette	INFO	Stopped listening on port 58617

###!!! [Child][RunMessage] Error: Channel closing: too late to send/recv, messages will be lost

"--marionette" "-foreground" "-no-remote" "-profile" "C:\\Users\\adamt\\AppData\\Local\\Temp\\rust_mozprofileNDmK2I"
console.warn: SearchSettings: "get: No settings file exists, new profile?" (new Error("", "(unknown module)"))
console.warn: SearchSettings: "get: No settings file exists, new profile?" (new Error("", "(unknown module)"))
1612738014112	Marionette	INFO	Listening on port 58730
1612738014487	Marionette	WARN	TLS certificate errors will be ignored for this session
1612738014503	Marionette	ERROR	[15] No reply from Marionette:Register
JavaScript error: resource://gre/actors/AutoCompleteChild.jsm, line 125: Error: Invalid autocomplete selectedIndex
JavaScript error: resource://gre/actors/AutoCompleteChild.jsm, line 125: Error: Invalid autocomplete selectedIndex
JavaScript error: resource://gre/modules/LoginManagerChild.jsm, line 190: NS_ERROR_XPC_JAVASCRIPT_ERROR_WITH_DETAILS: [JavaScript Error: "Invalid autocomplete selectedIndex" {file: "resource://gre/actors/AutoCompleteChild.jsm" line: 125}]'[JavaScript Error: "Invalid autocomplete selectedIndex" {file: "resource://gre/actors/AutoCompleteChild.jsm" line: 125}]' when calling method: [nsIAutoCompletePopup::selectedIndex]
console.warn: LoginRecipes: "getRecipes: falling back to a synchronous message for:" "https://aswwu.com"
1612738882010	Marionette	INFO	Stopped listening on port 58730

###!!! [Child][RunMessage] Error: Channel closing: too late to send/recv, messages will be lost

"--marionette" "-foreground" "-no-remote" "-profile" "C:\\Users\\adamt\\AppData\\Local\\Temp\\rust_mozprofilelLCU7o"
console.warn: SearchSettings: "get: No settings file exists, new profile?" (new Error("", "(unknown module)"))
console.warn: SearchSettings: "get: No settings file exists, new profile?" (new Error("", "(unknown module)"))
1612738291419	Marionette	INFO	Listening on port 58881
1612738291676	Marionette	WARN	TLS certificate errors will be ignored for this session
1612738291690	Marionette	ERROR	[15] No reply from Marionette:Register
1612738880006	Marionette	INFO	Stopped listening on port 58881

###!!! [Child][RunMessage] Error: Channel closing: too late to send/recv, messages will be lost

"--marionette" "-foreground" "-no-remote" "-profile" "C:\\Users\\adamt\\AppData\\Local\\Temp\\rust_mozprofileLKjDtg"
console.warn: SearchSettings: "get: No settings file exists, new profile?" (new Error("", "(unknown module)"))
console.warn: SearchSettings: "get: No settings file exists, new profile?" (new Error("", "(unknown module)"))
1612738309705	Marionette	INFO	Listening on port 58963
1612738310174	Marionette	WARN	TLS certificate errors will be ignored for this session
1612738310185	Marionette	ERROR	[15] No reply from Marionette:Register
1612738878395	Marionette	INFO	Stopped listening on port 58963

###!!! [Child][RunMessage] Error: Channel closing: too late to send/recv, messages will be lost

"--marionette" "-foreground" "-no-remote" "-profile" "C:\\Users\\adamt\\AppData\\Local\\Temp\\rust_mozprofilexXj7F1"
console.warn: SearchSettings: "get: No settings file exists, new profile?" (new Error("", "(unknown module)"))
console.warn: SearchSettings: "get: No settings file exists, new profile?" (new Error("", "(unknown module)"))
1612738326520	Marionette	INFO	Listening on port 59041
1612738326851	Marionette	WARN	TLS certificate errors will be ignored for this session
1612738326865	Marionette	ERROR	[15] No reply from Marionette:Register
JavaScript error: resource://gre/actors/AutoCompleteChild.jsm, line 125: Error: Invalid autocomplete selectedIndex
JavaScript error: resource://gre/actors/AutoCompleteChild.jsm, line 125: Error: Invalid autocomplete selectedIndex
JavaScript error: resource://gre/modules/LoginManagerChild.jsm, line 190: NS_ERROR_XPC_JAVASCRIPT_ERROR_WITH_DETAILS: [JavaScript Error: "Invalid autocomplete selectedIndex" {file: "resource://gre/actors/AutoCompleteChild.jsm" line: 125}]'[JavaScript Error: "Invalid autocomplete selectedIndex" {file: "resource://gre/actors/AutoCompleteChild.jsm" line: 125}]' when calling method: [nsIAutoCompletePopup::selectedIndex]
1612738876821	Marionette	INFO	Stopped listening on port 59041

###!!! [Child][RunMessage] Error: Channel closing: too late to send/recv, messages will be lost

"--marionette" "-foreground" "-no-remote" "-profile" "C:\\Users\\adamt\\AppData\\Local\\Temp\\rust_mozprofilev2ZmXi"
console.warn: SearchSettings: "get: No settings file exists, new profile?" (new Error("", "(unknown module)"))
console.warn: SearchSettings: "get: No settings file exists, new profile?" (new Error("", "(unknown module)"))
1612738450453	Marionette	INFO	Listening on port 59149
1612738450854	Marionette	WARN	TLS certificate errors will be ignored for this session
1612738450867	Marionette	ERROR	[18] No reply from Marionette:Register
1612738874554	Marionette	INFO	Stopped listening on port 59149

###!!! [Child][RunMessage] Error: Channel closing: too late to send/recv, messages will be lost

"--marionette" "-foreground" "-no-remote" "-profile" "C:\\Users\\adamt\\AppData\\Local\\Temp\\rust_mozprofilerZoi6K"
console.warn: SearchSettings: "get: No settings file exists, new profile?" (new Error("", "(unknown module)"))
console.warn: SearchSettings: "get: No settings file exists, new profile?" (new Error("", "(unknown module)"))
1612738470876	Marionette	INFO	Listening on port 59230
1612738471213	Marionette	WARN	TLS certificate errors will be ignored for this session
1612738471228	Marionette	ERROR	[15] No reply from Marionette:Register
JavaScript error: resource://gre/actors/AutoCompleteChild.jsm, line 125: Error: Invalid autocomplete selectedIndex
JavaScript error: resource://gre/actors/AutoCompleteChild.jsm, line 125: Error: Invalid autocomplete selectedIndex
JavaScript error: resource://gre/modules/LoginManagerChild.jsm, line 190: NS_ERROR_XPC_JAVASCRIPT_ERROR_WITH_DETAILS: [JavaScript Error: "Invalid autocomplete selectedIndex" {file: "resource://gre/actors/AutoCompleteChild.jsm" line: 125}]'[JavaScript Error: "Invalid autocomplete selectedIndex" {file: "resource://gre/actors/AutoCompleteChild.jsm" line: 125}]' when calling method: [nsIAutoCompletePopup::selectedIndex]
1612738869393	Marionette	INFO	Stopped listening on port 59230

###!!! [Child][RunMessage] Error: Channel closing: too late to send/recv, messages will be lost

"--marionette" "-foreground" "-no-remote" "-profile" "C:\\Users\\adamt\\AppData\\Local\\Temp\\rust_mozprofileYXk0gl"
console.warn: SearchSettings: "get: No settings file exists, new profile?" (new Error("", "(unknown module)"))
console.warn: SearchSettings: "get: No settings file exists, new profile?" (new Error("", "(unknown module)"))
1612738536945	Marionette	INFO	Listening on port 59326
1612738537100	Marionette	WARN	TLS certificate errors will be ignored for this session
1612738537114	Marionette	ERROR	[15] No reply from Marionette:Register
JavaScript error: resource://gre/actors/AutoCompleteChild.jsm, line 125: Error: Invalid autocomplete selectedIndex
JavaScript error: resource://gre/actors/AutoCompleteChild.jsm, line 125: Error: Invalid autocomplete selectedIndex
JavaScript error: resource://gre/modules/LoginManagerChild.jsm, line 190: NS_ERROR_XPC_JAVASCRIPT_ERROR_WITH_DETAILS: [JavaScript Error: "Invalid autocomplete selectedIndex" {file: "resource://gre/actors/AutoCompleteChild.jsm" line: 125}]'[JavaScript Error: "Invalid autocomplete selectedIndex" {file: "resource://gre/actors/AutoCompleteChild.jsm" line: 125}]' when calling method: [nsIAutoCompletePopup::selectedIndex]
1612738855121	Marionette	INFO	Stopped listening on port 59326
1612739230331	geckodriver	INFO	Listening on 127.0.0.1:59643
1612739233377	mozrunner::runner	INFO	Running command: "C:\\Program Files\\Mozilla Firefox\\firefox.exe" "--marionette" "-foreground" "-no-remote" "-profile" "C:\\Users\\adamt\\AppData\\Local\\Temp\\rust_mozprofilebrWKAN"
console.warn: SearchSettings: "get: No settings file exists, new profile?" (new Error("", "(unknown module)"))
console.warn: SearchSettings: "get: No settings file exists, new profile?" (new Error("", "(unknown module)"))
1612739236088	Marionette	INFO	Listening on port 59652
1612739236547	Marionette	WARN	TLS certificate errors will be ignored for this session
1612739236558	Marionette	ERROR	[15] No reply from Marionette:Register
JavaScript error: resource://gre/actors/AutoCompleteChild.jsm, line 125: Error: Invalid autocomplete selectedIndex
JavaScript error: resource://gre/actors/AutoCompleteChild.jsm, line 125: Error: Invalid autocomplete selectedIndex
JavaScript error: resource://gre/modules/LoginManagerChild.jsm, line 190: NS_ERROR_XPC_JAVASCRIPT_ERROR_WITH_DETAILS: [JavaScript Error: "Invalid autocomplete selectedIndex" {file: "resource://gre/actors/AutoCompleteChild.jsm" line: 125}]'[JavaScript Error: "Invalid autocomplete selectedIndex" {file: "resource://gre/actors/AutoCompleteChild.jsm" line: 125}]' when calling method: [nsIAutoCompletePopup::selectedIndex]
1612739335624	Marionette	INFO	Stopped listening on port 59652

###!!! [Child][RunMessage] Error: Channel closing: too late to send/recv, messages will be lost

"--marionette" "-foreground" "-no-remote" "-profile" "C:\\Users\\adamt\\AppData\\Local\\Temp\\rust_mozprofileoH6gTR"
console.warn: SearchSettings: "get: No settings file exists, new profile?" (new Error("", "(unknown module)"))
console.warn: SearchSettings: "get: No settings file exists, new profile?" (new Error("", "(unknown module)"))
1612739297984	Marionette	INFO	Listening on port 59753
1612739298161	Marionette	WARN	TLS certificate errors will be ignored for this session
1612739298176	Marionette	ERROR	[15] No reply from Marionette:Register
1612739330154	Marionette	INFO	Stopped listening on port 59753

###!!! [Child][RunMessage] Error: Channel closing: too late to send/recv, messages will be lost

"--marionette" "-foreground" "-no-remote" "-profile" "C:\\Users\\adamt\\AppData\\Local\\Temp\\rust_mozprofileYuC726"
console.warn: SearchSettings: "get: No settings file exists, new profile?" (new Error("", "(unknown module)"))
console.warn: SearchSettings: "get: No settings file exists, new profile?" (new Error("", "(unknown module)"))
1612739316966	Marionette	INFO	Listening on port 59835
1612739317305	Marionette	WARN	TLS certificate errors will be ignored for this session
1612739317318	Marionette	ERROR	[15] No reply from Marionette:Register
JavaScript error: resource://gre/actors/AutoCompleteChild.jsm, line 125: Error: Invalid autocomplete selectedIndex
JavaScript error: resource://gre/actors/AutoCompleteChild.jsm, line 125: Error: Invalid autocomplete selectedIndex
JavaScript error: resource://gre/modules/LoginManagerChild.jsm, line 190: NS_ERROR_XPC_JAVASCRIPT_ERROR_WITH_DETAILS: [JavaScript Error: "Invalid autocomplete selectedIndex" {file: "resource://gre/actors/AutoCompleteChild.jsm" line: 125}]'[JavaScript Error: "Invalid autocomplete selectedIndex" {file: "resource://gre/actors/AutoCompleteChild.jsm" line: 125}]' when calling method: [nsIAutoCompletePopup::selectedIndex]
1612739324722	Marionette	INFO	Stopped listening on port 59835
1612739435501	geckodriver	INFO	Listening on 127.0.0.1:59929
1612739438534	mozrunner::runner	INFO	Running command: "C:\\Program Files\\Mozilla Firefox\\firefox.exe" "--marionette" "-foreground" "-no-remote" "-profile" "C:\\Users\\adamt\\AppData\\Local\\Temp\\rust_mozprofilemFxKje"
console.warn: SearchSettings: "get: No settings file exists, new profile?" (new Error("", "(unknown module)"))
console.warn: SearchSettings: "get: No settings file exists, new profile?" (new Error("", "(unknown module)"))
1612739441252	Marionette	INFO	Listening on port 59937
1612739441717	Marionette	WARN	TLS certificate errors will be ignored for this session
1612739441729	Marionette	ERROR	[18] No reply from Marionette:Register
JavaScript error: resource://gre/actors/AutoCompleteChild.jsm, line 125: Error: Invalid autocomplete selectedIndex
JavaScript error: resource://gre/actors/AutoCompleteChild.jsm, line 125: Error: Invalid autocomplete selectedIndex
JavaScript error: resource://gre/modules/LoginManagerChild.jsm, line 190: NS_ERROR_XPC_JAVASCRIPT_ERROR_WITH_DETAILS: [JavaScript Error: "Invalid autocomplete selectedIndex" {file: "resource://gre/actors/AutoCompleteChild.jsm" line: 125}]'[JavaScript Error: "Invalid autocomplete selectedIndex" {file: "resource://gre/actors/AutoCompleteChild.jsm" line: 125}]' when calling method: [nsIAutoCompletePopup::selectedIndex]
1612739448946	Marionette	INFO	Stopped listening on port 59937

###!!! [Child][RunMessage] Error: Channel closing: too late to send/recv, messages will be lost

1612740947062	geckodriver	INFO	Listening on 127.0.0.1:60236
1612740950136	mozrunner::runner	INFO	Running command: "C:\\Program Files\\Mozilla Firefox\\firefox.exe" "--marionette" "-foreground" "-no-remote" "-profile" "C:\\Users\\adamt\\AppData\\Local\\Temp\\rust_mozprofileMrHNS3"
console.warn: SearchSettings: "get: No settings file exists, new profile?" (new Error("", "(unknown module)"))
console.warn: SearchSettings: "get: No settings file exists, new profile?" (new Error("", "(unknown module)"))
1612740952533	Marionette	INFO	Listening on port 60244
1612740952800	Marionette	WARN	TLS certificate errors will be ignored for this session
1612740952813	Marionette	ERROR	[15] No reply from Marionette:Register
JavaScript error: resource://gre/actors/AutoCompleteChild.jsm, line 125: Error: Invalid autocomplete selectedIndex
JavaScript error: resource://gre/actors/AutoCompleteChild.jsm, line 125: Error: Invalid autocomplete selectedIndex
JavaScript error: resource://gre/modules/LoginManagerChild.jsm, line 190: NS_ERROR_XPC_JAVASCRIPT_ERROR_WITH_DETAILS: [JavaScript Error: "Invalid autocomplete selectedIndex" {file: "resource://gre/actors/AutoCompleteChild.jsm" line: 125}]'[JavaScript Error: "Invalid autocomplete selectedIndex" {file: "resource://gre/actors/AutoCompleteChild.jsm" line: 125}]' when calling method: [nsIAutoCompletePopup::selectedIndex]
1612740959747	Marionette	INFO	Stopped listening on port 60244

###!!! [Child][RunMessage] Error: Channel closing: too late to send/recv, messages will be lost

1612740974929	geckodriver	INFO	Listening on 127.0.0.1:60328
1612740977980	mozrunner::runner	INFO	Running command: "C:\\Program Files\\Mozilla Firefox\\firefox.exe" "--marionette" "-foreground" "-no-remote" "-profile" "C:\\Users\\adamt\\AppData\\Local\\Temp\\rust_mozprofileT7fkyQ"
console.warn: SearchSettings: "get: No settings file exists, new profile?" (new Error("", "(unknown module)"))
console.warn: SearchSettings: "get: No settings file exists, new profile?" (new Error("", "(unknown module)"))
1612740980475	Marionette	INFO	Listening on port 60336
1612740980667	Marionette	WARN	TLS certificate errors will be ignored for this session
1612740980679	Marionette	ERROR	[18] No reply from Marionette:Register

###!!! [Parent][MessageChannel] Error: (msgtype=0x230054,name=PBrowser::Msg_FlushTabState) Channel error: cannot send/recv


###!!! [Parent][MessageChannel] Error: (msgtype=0x230001,name=PBrowser::Msg_AsyncMessage) Channel error: cannot send/recv


###!!! [Parent][MessageChannel] Error: (msgtype=0x3A0146,name=PContent::Msg_CommitBrowsingContextTransaction) Channel error: cannot send/recv


###!!! [Parent][MessageChannel] Error: (msgtype=0x23005C,name=PBrowser::Msg_UpdateEffects) Channel error: cannot send/recv


###!!! [Parent][MessageChannel] Error: (msgtype=0x230054,name=PBrowser::Msg_FlushTabState) Channel error: cannot send/recv


###!!! [Parent][MessageChannel] Error: (msgtype=0x23007E,name=PBrowser::Msg_StopIMEStateManagement) Channel error: cannot send/recv


###!!! [Parent][MessageChannel] Error: (msgtype=0x23009D,name=PBrowser::Msg_Destroy) Channel error: cannot send/recv


###!!! [Child][MessageChannel::SendAndWait] Error: Channel error: cannot send/recv


###!!! [Parent][MessageChannel] Error: (msgtype=0x3A0147,name=PContent::Msg_AsyncMessage) Channel error: cannot send/recv


###!!! [Parent][MessageChannel] Error: (msgtype=0x3A0147,name=PContent::Msg_AsyncMessage) Channel error: cannot send/recv


###!!! [Parent][MessageChannel] Error: (msgtype=0x3A0147,name=PContent::Msg_AsyncMessage) Channel error: cannot send/recv


###!!! [Parent][MessageChannel] Error: (msgtype=0x3A0147,name=PContent::Msg_AsyncMessage) Channel error: cannot send/recv


###!!! [Parent][MessageChannel] Error: (msgtype=0x3A0147,name=PContent::Msg_AsyncMessage) Channel error: cannot send/recv


###!!! [Parent][MessageChannel] Error: (msgtype=0x3A0147,name=PContent::Msg_AsyncMessage) Channel error: cannot send/recv


###!!! [Parent][MessageChannel] Error: (msgtype=0x3A0147,name=PContent::Msg_AsyncMessage) Channel error: cannot send/recv


###!!! [Parent][MessageChannel] Error: (msgtype=0x3A0147,name=PContent::Msg_AsyncMessage) Channel error: cannot send/recv


###!!! [Parent][MessageChannel] Error: (msgtype=0x3A0147,name=PContent::Msg_AsyncMessage) Channel error: cannot send/recv


###!!! [Parent][MessageChannel] Error: (msgtype=0x3A0147,name=PContent::Msg_AsyncMessage) Channel error: cannot send/recv


###!!! [Parent][MessageChannel] Error: (msgtype=0x3A0147,name=PContent::Msg_AsyncMessage) Channel error: cannot send/recv


###!!! [Parent][MessageChannel] Error: (msgtype=0x3A0147,name=PContent::Msg_AsyncMessage) Channel error: cannot send/recv


###!!! [Parent][MessageChannel] Error: (msgtype=0x3A001F,name=PContent::Msg_RegisterChromeItem) Channel error: cannot send/recv


###!!! [Parent][MessageChannel] Error: (msgtype=0x3A001F,name=PContent::Msg_RegisterChromeItem) Channel error: cannot send/recv


###!!! [Parent][MessageChannel] Error: (msgtype=0x230054,name=PBrowser::Msg_FlushTabState) Channel error: cannot send/recv


###!!! [Parent][MessageChannel] Error: (msgtype=0x23009D,name=PBrowser::Msg_Destroy) Channel error: cannot send/recv


###!!! [Parent][MessageChannel] Error: (msgtype=0x3A0147,name=PContent::Msg_AsyncMessage) Channel error: cannot send/recv


###!!! [Parent][MessageChannel] Error: (msgtype=0x3A0147,name=PContent::Msg_AsyncMessage) Channel error: cannot send/recv


###!!! [Parent][MessageChannel] Error: (msgtype=0x3A0147,name=PContent::Msg_AsyncMessage) Channel error: cannot send/recv


###!!! [Parent][MessageChannel] Error: (msgtype=0x3A0147,name=PContent::Msg_AsyncMessage) Channel error: cannot send/recv


###!!! [Parent][MessageChannel] Error: (msgtype=0x3A0147,name=PContent::Msg_AsyncMessage) Channel error: cannot send/recv


###!!! [Parent][MessageChannel] Error: (msgtype=0x3A0147,name=PContent::Msg_AsyncMessage) Channel error: cannot send/recv


###!!! [Parent][MessageChannel] Error: (msgtype=0x230054,name=PBrowser::Msg_FlushTabState) Channel error: cannot send/recv


###!!! [Parent][MessageChannel] Error: (msgtype=0x23009D,name=PBrowser::Msg_Destroy) Channel error: cannot send/recv


###!!! [Parent][MessageChannel] Error: (msgtype=0x3A0147,name=PContent::Msg_AsyncMessage) Channel error: cannot send/recv


###!!! [Parent][MessageChannel] Error: (msgtype=0x3A0147,name=PContent::Msg_AsyncMessage) Channel error: cannot send/recv


###!!! [Parent][MessageChannel] Error: (msgtype=0x3A0147,name=PContent::Msg_AsyncMessage) Channel error: cannot send/recv


###!!! [Parent][MessageChannel] Error: (msgtype=0x3A0147,name=PContent::Msg_AsyncMessage) Channel error: cannot send/recv


###!!! [Parent][MessageChannel] Error: (msgtype=0x3A0147,name=PContent::Msg_AsyncMessage) Channel error: cannot send/recv


###!!! [Parent][MessageChannel] Error: (msgtype=0x3A0147,name=PContent::Msg_AsyncMessage) Channel error: cannot send/recv


###!!! [Parent][MessageChannel] Error: (msgtype=0x3A0147,name=PContent::Msg_AsyncMessage) Channel error: cannot send/recv


###!!! [Parent][MessageChannel] Error: (msgtype=0x3A0147,name=PContent::Msg_AsyncMessage) Channel error: cannot send/recv


###!!! [Parent][MessageChannel] Error: (msgtype=0x3A0147,name=PContent::Msg_AsyncMessage) Channel error: cannot send/recv


###!!! [Parent][MessageChannel] Error: (msgtype=0x3A0147,name=PContent::Msg_AsyncMessage) Channel error: cannot send/recv


###!!! [Parent][MessageChannel] Error: (msgtype=0x3A0147,name=PContent::Msg_AsyncMessage) Channel error: cannot send/recv


###!!! [Parent][MessageChannel] Error: (msgtype=0x3A0147,name=PContent::Msg_AsyncMessage) Channel error: cannot send/recv


###!!! [Parent][MessageChannel] Error: (msgtype=0x230054,name=PBrowser::Msg_FlushTabState) Channel error: cannot send/recv


###!!! [Parent][MessageChannel] Error: (msgtype=0x23009D,name=PBrowser::Msg_Destroy) Channel error: cannot send/recv


###!!! [Parent][MessageChannel] Error: (msgtype=0x3A0147,name=PContent::Msg_AsyncMessage) Channel error: cannot send/recv


###!!! [Parent][MessageChannel] Error: (msgtype=0x3A0147,name=PContent::Msg_AsyncMessage) Channel error: cannot send/recv


###!!! [Parent][MessageChannel] Error: (msgtype=0x3A0147,name=PContent::Msg_AsyncMessage) Channel error: cannot send/recv


###!!! [Parent][MessageChannel] Error: (msgtype=0x3A0147,name=PContent::Msg_AsyncMessage) Channel error: cannot send/recv


###!!! [Parent][MessageChannel] Error: (msgtype=0x3A0147,name=PContent::Msg_AsyncMessage) Channel error: cannot send/recv


###!!! [Parent][MessageChannel] Error: (msgtype=0x3A0147,name=PContent::Msg_AsyncMessage) Channel error: cannot send/recv


###!!! [Parent][MessageChannel] Error: (msgtype=0x3A0147,name=PContent::Msg_AsyncMessage) Channel error: cannot send/recv


###!!! [Parent][MessageChannel] Error: (msgtype=0x3A0147,name=PContent::Msg_AsyncMessage) Channel error: cannot send/recv


###!!! [Parent][MessageChannel] Error: (msgtype=0x3A0147,name=PContent::Msg_AsyncMessage) Channel error: cannot send/recv


###!!! [Parent][MessageChannel] Error: (msgtype=0x3A0147,name=PContent::Msg_AsyncMessage) Channel error: cannot send/recv


###!!! [Parent][MessageChannel] Error: (msgtype=0x3A0147,name=PContent::Msg_AsyncMessage) Channel error: cannot send/recv


###!!! [Parent][MessageChannel] Error: (msgtype=0x3A0147,name=PContent::Msg_AsyncMessage) Channel error: cannot send/recv


###!!! [Parent][MessageChannel] Error: (msgtype=0x3A0147,name=PContent::Msg_AsyncMessage) Channel error: cannot send/recv


###!!! [Parent][MessageChannel] Error: (msgtype=0x3A0147,name=PContent::Msg_AsyncMessage) Channel error: cannot send/recv


###!!! [Parent][MessageChannel] Error: (msgtype=0x3A0147,name=PContent::Msg_AsyncMessage) Channel error: cannot send/recv


###!!! [Parent][MessageChannel] Error: (msgtype=0x3A0147,name=PContent::Msg_AsyncMessage) Channel error: cannot send/recv


###!!! [Parent][MessageChannel] Error: (msgtype=0x3A0147,name=PContent::Msg_AsyncMessage) Channel error: cannot send/recv


###!!! [Parent][MessageChannel] Error: (msgtype=0x3A0147,name=PContent::Msg_AsyncMessage) Channel error: cannot send/recv


###!!! [Parent][MessageChannel] Error: (msgtype=0x3A0147,name=PContent::Msg_AsyncMessage) Channel error: cannot send/recv


###!!! [Parent][MessageChannel] Error: (msgtype=0x3A0147,name=PContent::Msg_AsyncMessage) Channel error: cannot send/recv


###!!! [Parent][MessageChannel] Error: (msgtype=0x3A0147,name=PContent::Msg_AsyncMessage) Channel error: cannot send/recv


###!!! [Parent][MessageChannel] Error: (msgtype=0x3A0147,name=PContent::Msg_AsyncMessage) Channel error: cannot send/recv


###!!! [Parent][MessageChannel] Error: (msgtype=0x3A0147,name=PContent::Msg_AsyncMessage) Channel error: cannot send/recv


###!!! [Parent][MessageChannel] Error: (msgtype=0x3A0147,name=PContent::Msg_AsyncMessage) Channel error: cannot send/recv


###!!! [Parent][MessageChannel] Error: (msgtype=0x3A0147,name=PContent::Msg_AsyncMessage) Channel error: cannot send/recv


###!!! [Parent][MessageChannel] Error: (msgtype=0x3A0147,name=PContent::Msg_AsyncMessage) Channel error: cannot send/recv


###!!! [Parent][MessageChannel] Error: (msgtype=0x3A0147,name=PContent::Msg_AsyncMessage) Channel error: cannot send/recv


###!!! [Parent][MessageChannel] Error: (msgtype=0x3A0147,name=PContent::Msg_AsyncMessage) Channel error: cannot send/recv


###!!! [Parent][MessageChannel] Error: (msgtype=0x3A0147,name=PContent::Msg_AsyncMessage) Channel error: cannot send/recv


###!!! [Parent][MessageChannel] Error: (msgtype=0x3A0147,name=PContent::Msg_AsyncMessage) Channel error: cannot send/recv


###!!! [Parent][MessageChannel] Error: (msgtype=0x3A0147,name=PContent::Msg_AsyncMessage) Channel error: cannot send/recv


###!!! [Parent][MessageChannel] Error: (msgtype=0x3A0147,name=PContent::Msg_AsyncMessage) Channel error: cannot send/recv


###!!! [Parent][MessageChannel] Error: (msgtype=0x3A0147,name=PContent::Msg_AsyncMessage) Channel error: cannot send/recv


###!!! [Parent][MessageChannel] Error: (msgtype=0x3A0147,name=PContent::Msg_AsyncMessage) Channel error: cannot send/recv


###!!! [Parent][MessageChannel] Error: (msgtype=0x3A0147,name=PContent::Msg_AsyncMessage) Channel error: cannot send/recv


###!!! [Parent][MessageChannel] Error: (msgtype=0x3A0147,name=PContent::Msg_AsyncMessage) Channel error: cannot send/recv


###!!! [Parent][MessageChannel] Error: (msgtype=0x3A0147,name=PContent::Msg_AsyncMessage) Channel error: cannot send/recv


###!!! [Parent][MessageChannel] Error: (msgtype=0x3A0147,name=PContent::Msg_AsyncMessage) Channel error: cannot send/recv


###!!! [Parent][MessageChannel] Error: (msgtype=0x3A0147,name=PContent::Msg_AsyncMessage) Channel error: cannot send/recv

A content process crashed and MOZ_CRASHREPORTER_SHUTDOWN is set, shutting down

###!!! [Parent][MessageChannel] Error: (msgtype=0x540014,name=PGPU::Msg_RemoveLayerTreeIdMapping) Channel error: cannot send/recv

JavaScript error: resource:///modules/sessionstore/SessionStore.jsm, line 2292: TypeError: subject.QueryInterface is not a function

###!!! [Parent][MessageChannel] Error: (msgtype=0x540014,name=PGPU::Msg_RemoveLayerTreeIdMapping) Channel error: cannot send/recv

JavaScript error: resource:///modules/sessionstore/SessionStore.jsm, line 2292: TypeError: subject.QueryInterface is not a function

###!!! [Parent][MessageChannel] Error: (msgtype=0x540014,name=PGPU::Msg_RemoveLayerTreeIdMapping) Channel error: cannot send/recv

JavaScript error: resource:///modules/sessionstore/SessionStore.jsm, line 2292: TypeError: subject.QueryInterface is not a function
A content process crashed and MOZ_CRASHREPORTER_SHUTDOWN is set, shutting down

###!!! [Parent][MessageChannel] Error: (msgtype=0x540014,name=PGPU::Msg_RemoveLayerTreeIdMapping) Channel error: cannot send/recv

JavaScript error: resource:///modules/sessionstore/SessionStore.jsm, line 2292: TypeError: subject.QueryInterface is not a function

###!!! [Child][MessageChannel] Error: (msgtype=0xB50025,name=PWebRenderBridge::Msg_Shutdown) Channel error: cannot send/recv


###!!! [Child][MessageChannel::SendAndWait] Error: (msgtype=0x370019,name=PCompositorBridge::Msg_WillClose) Channel error: cannot send/recv


###!!! [Child][RunMessage] Error: Channel error: cannot send/recv


###!!! [Child][RunMessage] Error: Channel error: cannot send/recv


###!!! [Child][RunMessage] Error: Channel error: cannot send/recv

r: (msgtype=0x540014,name=PGPU::Msg_RemoveLayerTreeIdMapping) Channel error: cannot send/recv

JavaScript error: resource:///modules/sessionstore/SessionStore.jsm, line 2292: TypeError: subject.QueryInterface is not a function

###!!! [Child][MessageChannel] Error: (msgtype=0xB50025,name=PWebRenderBridge::Msg_Shutdown) Channel error: cannot send/recv


###!!! [Child][MessageChannel::SendAndWait] Error: (msgtype=0x370019,name=PCompositorBridge::Msg_WillClose) Channel error: cannot send/recv


###!!! [Child][RunMessage] Error: Channel error: cannot send/recv


###!!! [Child][RunMessage] Error: Channel error: cannot send/recv

0x3A0147,name=PContent::Msg_AsyncMessage) Channel error: cannot send/recv


###!!! [Parent][MessageChannel] Error: (msgtype=0x3A0147,name=PContent::Msg_AsyncMessage) Channel error: cannot send/recv


###!!! [Parent][MessageChannel] Error: (msgtype=0x3A0147,name=PContent::Msg_AsyncMessage) Channel error: cannot send/recv


###!!! [Parent][MessageChannel] Error: (msgtype=0x3A0147,name=PContent::Msg_AsyncMessage) Channel error: cannot send/recv


###!!! [Parent][MessageChannel] Error: (msgtype=0x3A0147,name=PContent::Msg_AsyncMessage) Channel error: cannot send/recv


###!!! [Parent][MessageChannel] Error: (msgtype=0x3A0147,name=PContent::Msg_AsyncMessage) Channel error: cannot send/recv


###!!! [Parent][MessageChannel] Error: (msgtype=0x3A0147,name=PContent::Msg_AsyncMessage) Channel error: cannot send/recv


###!!! [Parent][MessageChannel] Error: (msgtype=0x3A0147,name=PContent::Msg_AsyncMessage) Channel error: cannot send/recv


###!!! [Parent][MessageChannel] Error: (msgtype=0x3A0147,name=PContent::Msg_AsyncMessage) Channel error: cannot send/recv


###!!! [Parent][MessageChannel] Error: (msgtype=0x3A0147,name=PContent::Msg_AsyncMessage) Channel error: cannot send/recv


###!!! [Parent][MessageChannel] Error: (msgtype=0x230054,name=PBrowser::Msg_FlushTabState) Channel error: cannot send/recv


###!!! [Parent][MessageChannel] Error: (msgtype=0x23009D,name=PBrowser::Msg_Destroy) Channel error: cannot send/recv


###!!! [Parent][MessageChannel] Error: (msgtype=0x3A0147,name=PContent::Msg_AsyncMessage) Channel error: cannot send/recv


###!!! [Parent][MessageChannel] Error: (msgtype=0x3A0147,name=PContent::Msg_AsyncMessage) Channel error: cannot send/recv


###!!! [Parent][MessageChannel] Error: (msgtype=0x3A0147,name=PContent::Msg_AsyncMessage) Channel error: cannot send/recv


###!!! [Parent][MessageChannel] Error: (msgtype=0x3A0147,name=PContent::Msg_AsyncMessage) Channel error: cannot send/recv


###!!! [Parent][MessageChannel] Error: (msgtype=0x3A0147,name=PContent::Msg_AsyncMessage) Channel error: cannot send/recv


###!!! [Parent][MessageChannel] Error: (msgtype=0x3A0147,name=PContent::Msg_AsyncMessage) Channel error: cannot send/recv


###!!! [Parent][MessageChannel] Error: (msgtype=0x3A0147,name=PContent::Msg_AsyncMessage) Channel error: cannot send/recv


###!!! [Parent][MessageChannel] Error: (msgtype=0x3A0147,name=PContent::Msg_AsyncMessage) Channel error: cannot send/recv


###!!! [Parent][MessageChannel] Error: (msgtype=0x3A0147,name=PContent::Msg_AsyncMessage) Channel error: cannot send/recv


###!!! [Parent][MessageChannel] Error: (msgtype=0x3A0147,name=PContent::Msg_AsyncMessage) Channel error: cannot send/recv


###!!! [Parent][MessageChannel] Error: (msgtype=0x3A0147,name=PContent::Msg_AsyncMessage) Channel error: cannot send/recv


###!!! [Parent][MessageChannel] Error: (msgtype=0x3A0147,name=PContent::Msg_AsyncMessage) Channel error: cannot send/recv


###!!! [Parent][MessageChannel] Error: (msgtype=0x3A0147,name=PContent::Msg_AsyncMessage) Channel error: cannot send/recv


###!!! [Parent][MessageChannel] Error: (msgtype=0x3A0147,name=PContent::Msg_AsyncMessage) Channel error: cannot send/recv


###!!! [Parent][MessageChannel] Error: (msgtype=0x3A0147,name=PContent::Msg_AsyncMessage) Channel error: cannot send/recv


###!!! [Parent][MessageChannel] Error: (msgtype=0x3A0147,name=PContent::Msg_AsyncMessage) Channel error: cannot send/recv


###!!! [Parent][MessageChannel] Error: (msgtype=0x3A0147,name=PContent::Msg_AsyncMessage) Channel error: cannot send/recv


###!!! [Parent][MessageChannel] Error: (msgtype=0x3A0147,name=PContent::Msg_AsyncMessage) Channel error: cannot send/recv


###!!! [Parent][MessageChannel] Error: (msgtype=0x3A0147,name=PContent::Msg_AsyncMessage) Channel error: cannot send/recv


###!!! [Parent][MessageChannel] Error: (msgtype=0x3A0147,name=PContent::Msg_AsyncMessage) Channel error: cannot send/recv


###!!! [Parent][MessageChannel] Error: (msgtype=0x3A0147,name=PContent::Msg_AsyncMessage) Channel error: cannot send/recv


###!!! [Parent][MessageChannel] Error: (msgtype=0x3A0147,name=PContent::Msg_AsyncMessage) Channel error: cannot send/recv


###!!! [Parent][MessageChannel] Error: (msgtype=0x3A0147,name=PContent::Msg_AsyncMessage) Channel error: cannot send/recv


###!!! [Parent][MessageChannel] Error: (msgtype=0x3A0147,name=PContent::Msg_AsyncMessage) Channel error: cannot send/recv


###!!! [Parent][MessageChannel] Error: (msgtype=0x3A0147,name=PContent::Msg_AsyncMessage) Channel error: cannot send/recv


###!!! [Parent][MessageChannel] Error: (msgtype=0x3A0147,name=PContent::Msg_AsyncMessage) Channel error: cannot send/recv


###!!! [Parent][MessageChannel] Error: (msgtype=0x3A0147,name=PContent::Msg_AsyncMessage) Channel error: cannot send/recv


###!!! [Parent][MessageChannel] Error: (msgtype=0x3A0147,name=PContent::Msg_AsyncMessage) Channel error: cannot send/recv


###!!! [Parent][MessageChannel] Error: (msgtype=0x3A0147,name=PContent::Msg_AsyncMessage) Channel error: cannot send/recv


###!!! [Parent][MessageChannel] Error: (msgtype=0x3A0147,name=PContent::Msg_AsyncMessage) Channel error: cannot send/recv


###!!! [Parent][MessageChannel] Error: (msgtype=0x3A0147,name=PContent::Msg_AsyncMessage) Channel error: cannot send/recv


###!!! [Parent][MessageChannel] Error: (msgtype=0x3A0147,name=PContent::Msg_AsyncMessage) Channel error: cannot send/recv


###!!! [Parent][MessageChannel] Error: (msgtype=0x3A0147,name=PContent::Msg_AsyncMessage) Channel error: cannot send/recv


###!!! [Parent][MessageChannel] Error: (msgtype=0x3A0147,name=PContent::Msg_AsyncMessage) Channel error: cannot send/recv


###!!! [Parent][MessageChannel] Error: (msgtype=0x3A0147,name=PContent::Msg_AsyncMessage) Channel error: cannot send/recv


###!!! [Parent][MessageChannel] Error: (msgtype=0x3A0147,name=PContent::Msg_AsyncMessage) Channel error: cannot send/recv


###!!! [Parent][MessageChannel] Error: (msgtype=0x3A0147,name=PContent::Msg_AsyncMessage) Channel error: cannot send/recv


###!!! [Parent][MessageChannel] Error: (msgtype=0x3A0147,name=PContent::Msg_AsyncMessage) Channel error: cannot send/recv


###!!! [Parent][MessageChannel] Error: (msgtype=0x3A0147,name=PContent::Msg_AsyncMessage) Channel error: cannot send/recv


###!!! [Parent][MessageChannel] Error: (msgtype=0x3A0147,name=PContent::Msg_AsyncMessage) Channel error: cannot send/recv


###!!! [Parent][MessageChannel] Error: (msgtype=0x3A0147,name=PContent::Msg_AsyncMessage) Channel error: cannot send/recv


###!!! [Parent][MessageChannel] Error: (msgtype=0x3A0147,name=PContent::Msg_AsyncMessage) Channel error: cannot send/recv

A content process crashed and MOZ_CRASHREPORTER_SHUTDOWN is set, shutting down

###!!! [Parent][MessageChannel] Error: (msgtype=0x540014,name=PGPU::Msg_RemoveLayerTreeIdMapping) Channel error: cannot send/recv

JavaScript error: resource:///modules/sessionstore/SessionStore.jsm, line 2292: TypeError: subject.QueryInterface is not a function
A content process crashed and MOZ_CRASHREPORTER_SHUTDOWN is set, shutting down

###!!! [Parent][MessageChannel] Error: (msgtype=0x540014,name=PGPU::Msg_RemoveLayerTreeIdMapping) Channel error: cannot send/recv

JavaScript error: resource:///modules/sessionstore/SessionStore.jsm, line 2292: TypeError: subject.QueryInterface is not a function

###!!! [Parent][MessageChannel] Error: (msgtype=0x540014,name=PGPU::Msg_RemoveLayerTreeIdMapping) Channel error: cannot send/recv

JavaScript error: resource:///modules/sessionstore/SessionStore.jsm, line 2292: TypeError: subject.QueryInterface is not a function

###!!! [Parent][MessageChannel] Error: (msgtype=0x540014,name=PGPU::Msg_RemoveLayerTreeIdMapping) Channel error: cannot send/recv

JavaScript error: resource:///modules/sessionstore/SessionStore.jsm, line 2292: TypeError: subject.QueryInterface is not a function

###!!! [Child][MessageChannel] Error: (msgtype=0xB50025,name=PWebRenderBridge::Msg_Shutdown) Channel error: cannot send/recv


###!!! [Child][MessageChannel::SendAndWait] Error: (msgtype=0x370019,name=PCompositorBridge::Msg_WillClose) Channel error: cannot send/recv


###!!! [Child][MessageChannel] Error: (msgtype=0x540020,name=PGPU::Msg_InitComplete) Channel error: cannot send/recv


###!!! [Child][RunMessage] Error: Channel error: cannot send/recv


###!!! [Child][RunMessage] Error: Channel error: cannot send/recv


###!!! [Child][RunMessage] Error: Channel error: cannot send/recv

